
Welcome to React Native v0.83
Starting dev server on http://localhost:8081


                        ▒▒▓▓▓▓▒▒
                     ▒▓▓▓▒▒░░▒▒▓▓▓▒
                  ▒▓▓▓▓░░░▒▒▒▒░░░▓▓▓▓▒
                 ▓▓▒▒▒▓▓▓▓▓▓▓▓▓▓▓▓▒▒▒▓▓
                 ▓▓░░░░░▒▓▓▓▓▓▓▒░░░░░▓▓
                 ▓▓░░▓▓▒░░░▒▒░░░▒▓▒░░▓▓
                 ▓▓░░▓▓▓▓▓▒▒▒▒▓▓▓▓▒░░▓▓
                 ▓▓░░▓▓▓▓▓▓▓▓▓▓▓▓▓▒░░▓▓
                 ▓▓▒░░▒▒▓▓▓▓▓▓▓▓▒░░░▒▓▓
                  ▒▓▓▓▒░░░▒▓▓▒░░░▒▓▓▓▒
                     ▒▓▓▓▒░░░░▒▓▓▓▒
                        ▒▒▓▓▓▓▒▒


 WARN  the transform cache was reset.
                Welcome to Metro v0.83.3
              Fast - Scalable - Integrated


 INFO  Dev server ready. Press Ctrl+C to exit.
 INFO  Key commands available:

   r  - reload app(s)
   d  - open Dev Menu
   j  - open DevTools

 BUNDLE  ./index.js ░░░░░░░░░░░░░░░░ 0.0% (0/1)
 BUNDLE  ./index.js ▓▓▓▓░░░░░░░░░░░░ 25.0% (14/114)
 BUNDLE  ./index.js ▓▓▓▓░░░░░░░░░░░░ 25.0% (29/145)
 BUNDLE  ./index.js ░░░░░░░░░░░░░░░░ 3.5% (26/138)
 BUNDLE  ./index.js ▓▓▓▓░░░░░░░░░░░░ 25.0% (51/204)
 BUNDLE  ./index.js ░░░░░░░░░░░░░░░░ 3.5% (26/138)
 BUNDLE  ./index.js ▓▓▓▓░░░░░░░░░░░░ 25.0% (123/288)
 BUNDLE  ./index.js ░░░░░░░░░░░░░░░░ 3.5% (26/138)
 BUNDLE  ./index.js ▓▓▓▓░░░░░░░░░░░░ 25.0% (138/302)
 BUNDLE  ./index.js ▓░░░░░░░░░░░░░░░ 8.1% (50/176)
 BUNDLE  ./index.js ▓▓▓▓░░░░░░░░░░░░ 25.0% (166/344)
 BUNDLE  ./index.js ▓▓▓▓░░░░░░░░░░░░ 28.3% (137/302)
 BUNDLE  ./index.js ▓▓▓▓░░░░░░░░░░░░ 30.0% (276/551)
 BUNDLE  ./index.js ▓▓▓▓░░░░░░░░░░░░ 28.3% (137/302)
 BUNDLE  ./index.js ▓▓▓▓░░░░░░░░░░░░ 30.0% (301/569)
 BUNDLE  ./index.js ▓▓▓▓░░░░░░░░░░░░ 30.2% (225/411)
 BUNDLE  ./index.js ▓▓▓▓░░░░░░░░░░░░ 30.5% (321/581)
 BUNDLE  ./index.js ▓▓▓▓▓░░░░░░░░░░░ 34.7% (291/528)
 BUNDLE  ./index.js ▓▓▓▓▓▓▓░░░░░░░░░ 45.9% (428/632)
 BUNDLE  ./index.js ▓▓▓▓▓░░░░░░░░░░░ 34.7% (297/546)
 BUNDLE  ./index.js ▓▓▓▓▓▓▓▓░░░░░░░░ 52.7% (506/715)
 BUNDLE  ./index.js ▓▓▓▓▓░░░░░░░░░░░ 34.7% (297/546)
 BUNDLE  ./index.js ▓▓▓▓▓▓▓▓▓░░░░░░░ 56.9% (566/776)
 BUNDLE  ./index.js ▓▓▓▓▓░░░░░░░░░░░ 35.2% (352/593)
 BUNDLE  ./index.js ▓▓▓▓▓▓▓▓▓░░░░░░░ 56.9% (577/782)
 BUNDLE  ./index.js ▓▓▓▓▓▓▓▓░░░░░░░░ 50.9% (459/655)
 BUNDLE  ./index.js ▓▓▓▓▓▓▓▓▓░░░░░░░ 56.9% (581/782)
 BUNDLE  ./index.js ▓▓▓▓▓▓▓▓▓░░░░░░░ 57.4% (542/730)
 BUNDLE  ./index.js ▓▓▓▓▓▓▓▓▓▓░░░░░░ 62.9% (639/807)
 BUNDLE  ./index.js ▓▓▓▓▓▓▓▓▓░░░░░░░ 59.3% (576/782)
 BUNDLE  ./index.js ▓▓▓▓▓▓▓▓▓▓░░░░░░ 65.9% (670/861)
 BUNDLE  ./index.js ▓▓▓▓▓▓▓▓▓░░░░░░░ 59.3% (576/782)
 BUNDLE  ./index.js ▓▓▓▓▓▓▓▓▓▓░░░░░░ 67.6% (740/900)
 BUNDLE  ./index.js ▓▓▓▓▓▓▓▓▓░░░░░░░ 59.3% (576/782)
 BUNDLE  ./index.js ▓▓▓▓▓▓▓▓▓▓░░░░░░ 68.4% (779/965)
 BUNDLE  ./index.js ▓▓▓▓▓▓▓▓▓░░░░░░░ 59.3% (597/796)
 BUNDLE  ./index.js ▓▓▓▓▓▓▓▓▓▓░░░░░░ 68.4% (779/965)
 BUNDLE  ./index.js ▓▓▓▓▓▓▓▓▓░░░░░░░ 59.3% (629/826)
 BUNDLE  ./index.js ▓▓▓▓▓▓▓▓▓▓░░░░░░ 68.4% (782/968)
 BUNDLE  ./index.js ▓▓▓▓▓▓▓▓▓░░░░░░░ 59.5% (641/831)
 BUNDLE  ./index.js ▓▓▓▓▓▓▓▓▓▓░░░░░░ 68.4% (782/968)
 BUNDLE  ./index.js ▓▓▓▓▓▓▓▓▓▓░░░░░░ 65.2% (734/919)
 BUNDLE  ./index.js ▓▓▓▓▓▓▓▓▓▓▓░░░░░ 70.7% (831/988)
 BUNDLE  ./index.js ▓▓▓▓▓▓▓▓▓▓░░░░░░ 67.7% (779/949)
 BUNDLE  ./index.js ▓▓▓▓▓▓▓▓▓▓▓▓░░░░ 80.0% (915/1023)
 BUNDLE  ./index.js ▓▓▓▓▓▓▓▓▓▓░░░░░░ 67.7% (782/968)
 BUNDLE  ./index.js ▓▓▓▓▓▓▓▓▓▓▓▓▓░░░ 85.8% (966/1044)
 BUNDLE  ./index.js ▓▓▓▓▓▓▓▓▓▓▓░░░░░ 73.7% (860/1002)
 BUNDLE  ./index.js ▓▓▓▓▓▓▓▓▓▓▓▓▓▓░░ 89.0% (998/1058)
 BUNDLE  ./index.js ▓▓▓▓▓▓▓▓▓▓▓▓▓░░░ 84.4% (959/1044)
 BUNDLE  ./index.js ▓▓▓▓▓▓▓▓▓▓▓▓▓▓▓░ 95.6% (1048/1072)
 BUNDLE  ./index.js ▓▓▓▓▓▓▓▓▓▓▓▓▓▓▓░ 94.7% (1042/1071)
 BUNDLE  ./index.js ▓▓▓▓▓▓▓▓▓▓▓▓▓▓▓░ 97.6% (1114/1148)
 BUNDLE  ./index.js ▓▓▓▓▓▓▓▓▓▓▓▓▓▓▓░ 96.3% (1095/1132)
 BUNDLE  ./index.js ▓▓▓▓▓▓▓▓▓▓▓▓▓▓▓░ 97.6% (1163/1191)
 BUNDLE  ./index.js ▓▓▓▓▓▓▓▓▓▓▓▓▓▓▓░ 96.3% (1133/1164)
 BUNDLE  ./index.js ▓▓▓▓▓▓▓▓▓▓▓▓▓▓▓░ 99.8% (1196/1197)
 BUNDLE  ./index.js ▓▓▓▓▓▓▓▓▓▓▓▓▓▓▓░ 99.8% (1196/1197)
 BUNDLE  ./index.js ▓▓▓▓▓▓▓▓▓▓▓▓▓▓▓░ 99.9% (1197/1197)
 BUNDLE  ./index.js ▓▓▓▓▓▓▓▓▓▓▓▓▓▓▓░ 99.8% (1196/1197)
 BUNDLE  ./index.js 
 BUNDLE  ./index.js 
 INFO  [1m[7m💡 JavaScript logs have moved![22m They can now be viewed in React Native DevTools. Tip: Type [1mj[22m in the terminal to open.[27m
 ERROR  [timeout] connection terminated with Device for app='com.schooltree.crescentapp' on device='CPH2781 - 15 - API 35' after not responding for 60 seconds.
 BUNDLE  ./index.js ░░░░░░░░░░░░░░░░ 0.0% (0/1)
 BUNDLE  ./index.js 
 BUNDLE  ./index.js ░░░░░░░░░░░░░░░░ 0.0% (0/1)
 BUNDLE  ./index.js 
 ERROR  [timeout] connection terminated with Device for app='com.schooltree.crescentapp' on device='CPH2781 - 15 - API 35' after not responding for 60 seconds.
 ERROR  [timeout] connection terminated with Device for app='com.schooltree.crescentapp' on device='CPH2781 - 15 - API 35' after not responding for 60 seconds.
 ERROR  [timeout] connection terminated with Device for app='com.schooltree.crescentapp' on device='CPH2781 - 15 - API 35' after not responding for 60 seconds.
 BUNDLE  ./index.js ░░░░░░░░░░░░░░░░ 0.0% (0/1)
 BUNDLE  ./index.js 
 BUNDLE  ./index.js ░░░░░░░░░░░░░░░░ 0.0% (0/1)
 BUNDLE  ./index.js 
 ERROR  [timeout] connection terminated with Device for app='com.schooltree.crescentapp' on device='CPH2781 - 15 - API 35' after not responding for 60 seconds.
 ERROR  [timeout] connection terminated with Device for app='com.schooltree.crescentapp' on device='CPH2781 - 15 - API 35' after not responding for 60 seconds.
 ERROR  [timeout] connection terminated with Device for app='com.schooltree.crescentapp' on device='CPH2781 - 15 - API 35' after not responding for 60 seconds.
